<?xml version="1.0" encoding="UTF-8"?><testrun name="TestRunner (1)" project="Cucumber-Frame" tests="6" started="6" failures="0" errors="6" ignored="0">
  <testsuite name="com.flipkart.stepdefinitions.TestRunner" time="12.07">
    <testsuite name="Feature: TV Purchase" time="9.914">
      <testcase name="TV using list" classname="TV Purchase" time="2.434">
        <error>org.openqa.selenium.SessionNotCreatedException: session not created: This version of ChromeDriver only supports Chrome version 101
Current browser version is 103.0.5060.53 with binary path C:\Program Files\Google\Chrome\Application\chrome.exe
Build info: version: '3.141.59', revision: 'e82be7d358', time: '2018-11-14T08:17:03'
System info: host: 'LAPTOP-9RN6IOSL', ip: '192.168.0.105', os.name: 'Windows 11', os.arch: 'amd64', os.version: '10.0', java.version: '17.0.3'
Driver info: driver.version: ChromeDriver
remote stacktrace: Backtrace:
	Ordinal0 [0x002DB8F3+2406643]
	Ordinal0 [0x0026AF31+1945393]
	Ordinal0 [0x0015C748+837448]
	Ordinal0 [0x0017C8B3+968883]
	Ordinal0 [0x001784BA+951482]
	Ordinal0 [0x00175D71+941425]
	Ordinal0 [0x001A8EE0+1150688]
	Ordinal0 [0x001A8B3A+1149754]
	Ordinal0 [0x001A4096+1130646]
	Ordinal0 [0x0017E636+976438]
	Ordinal0 [0x0017F546+980294]
	GetHandleVerifier [0x00549612+2498066]
	GetHandleVerifier [0x0053C920+2445600]
	GetHandleVerifier [0x00374F2A+579370]
	GetHandleVerifier [0x00373D36+574774]
	Ordinal0 [0x00271C0B+1973259]
	Ordinal0 [0x00276688+1992328]
	Ordinal0 [0x00276775+1992565]
	Ordinal0 [0x0027F8D1+2029777]
	BaseThreadInitThunk [0x74DE6739+25]
	RtlGetFullPathName_UEx [0x76FA8FEF+1215]
	RtlGetFullPathName_UEx [0x76FA8FBD+1165]
	(No symbol) [0x00000000]
&#13;
	at java.base/jdk.internal.reflect.NativeConstructorAccessorImpl.newInstance0(Native Method)&#13;
	at java.base/jdk.internal.reflect.NativeConstructorAccessorImpl.newInstance(NativeConstructorAccessorImpl.java:77)&#13;
	at java.base/jdk.internal.reflect.DelegatingConstructorAccessorImpl.newInstance(DelegatingConstructorAccessorImpl.java:45)&#13;
	at java.base/java.lang.reflect.Constructor.newInstanceWithCaller(Constructor.java:499)&#13;
	at java.base/java.lang.reflect.Constructor.newInstance(Constructor.java:480)&#13;
	at org.openqa.selenium.remote.W3CHandshakeResponse.lambda$errorHandler$0(W3CHandshakeResponse.java:62)&#13;
	at org.openqa.selenium.remote.HandshakeResponse.lambda$getResponseFunction$0(HandshakeResponse.java:30)&#13;
	at org.openqa.selenium.remote.ProtocolHandshake.lambda$createSession$0(ProtocolHandshake.java:126)&#13;
	at java.base/java.util.stream.ReferencePipeline$3$1.accept(ReferencePipeline.java:197)&#13;
	at java.base/java.util.Spliterators$ArraySpliterator.tryAdvance(Spliterators.java:1002)&#13;
	at java.base/java.util.stream.ReferencePipeline.forEachWithCancel(ReferencePipeline.java:129)&#13;
	at java.base/java.util.stream.AbstractPipeline.copyIntoWithCancel(AbstractPipeline.java:527)&#13;
	at java.base/java.util.stream.AbstractPipeline.copyInto(AbstractPipeline.java:513)&#13;
	at java.base/java.util.stream.AbstractPipeline.wrapAndCopyInto(AbstractPipeline.java:499)&#13;
	at java.base/java.util.stream.FindOps$FindOp.evaluateSequential(FindOps.java:150)&#13;
	at java.base/java.util.stream.AbstractPipeline.evaluate(AbstractPipeline.java:234)&#13;
	at java.base/java.util.stream.ReferencePipeline.findFirst(ReferencePipeline.java:647)&#13;
	at org.openqa.selenium.remote.ProtocolHandshake.createSession(ProtocolHandshake.java:128)&#13;
	at org.openqa.selenium.remote.ProtocolHandshake.createSession(ProtocolHandshake.java:74)&#13;
	at org.openqa.selenium.remote.HttpCommandExecutor.execute(HttpCommandExecutor.java:136)&#13;
	at org.openqa.selenium.remote.service.DriverCommandExecutor.execute(DriverCommandExecutor.java:83)&#13;
	at org.openqa.selenium.remote.RemoteWebDriver.execute(RemoteWebDriver.java:552)&#13;
	at org.openqa.selenium.remote.RemoteWebDriver.startSession(RemoteWebDriver.java:213)&#13;
	at org.openqa.selenium.remote.RemoteWebDriver.&lt;init&gt;(RemoteWebDriver.java:131)&#13;
	at org.openqa.selenium.chrome.ChromeDriver.&lt;init&gt;(ChromeDriver.java:181)&#13;
	at org.openqa.selenium.chrome.ChromeDriver.&lt;init&gt;(ChromeDriver.java:168)&#13;
	at org.openqa.selenium.chrome.ChromeDriver.&lt;init&gt;(ChromeDriver.java:123)&#13;
	at com.flipkart.stepdefinitions.TVPurchaseSteps.user_launch_Flipkart_application(TVPurchaseSteps.java:25)&#13;
	at ✽.User launch Flipkart application(src/test/resources/Features/CucumberFrame1.feature:7)&#13;
&#13;
</error>
      </testcase>
      <testcase name="TV using Map" classname="TV Purchase" time="1.554">
        <error>org.openqa.selenium.SessionNotCreatedException: session not created: This version of ChromeDriver only supports Chrome version 101
Current browser version is 103.0.5060.53 with binary path C:\Program Files\Google\Chrome\Application\chrome.exe
Build info: version: '3.141.59', revision: 'e82be7d358', time: '2018-11-14T08:17:03'
System info: host: 'LAPTOP-9RN6IOSL', ip: '192.168.0.105', os.name: 'Windows 11', os.arch: 'amd64', os.version: '10.0', java.version: '17.0.3'
Driver info: driver.version: ChromeDriver
remote stacktrace: Backtrace:
	Ordinal0 [0x002DB8F3+2406643]
	Ordinal0 [0x0026AF31+1945393]
	Ordinal0 [0x0015C748+837448]
	Ordinal0 [0x0017C8B3+968883]
	Ordinal0 [0x001784BA+951482]
	Ordinal0 [0x00175D71+941425]
	Ordinal0 [0x001A8EE0+1150688]
	Ordinal0 [0x001A8B3A+1149754]
	Ordinal0 [0x001A4096+1130646]
	Ordinal0 [0x0017E636+976438]
	Ordinal0 [0x0017F546+980294]
	GetHandleVerifier [0x00549612+2498066]
	GetHandleVerifier [0x0053C920+2445600]
	GetHandleVerifier [0x00374F2A+579370]
	GetHandleVerifier [0x00373D36+574774]
	Ordinal0 [0x00271C0B+1973259]
	Ordinal0 [0x00276688+1992328]
	Ordinal0 [0x00276775+1992565]
	Ordinal0 [0x0027F8D1+2029777]
	BaseThreadInitThunk [0x74DE6739+25]
	RtlGetFullPathName_UEx [0x76FA8FEF+1215]
	RtlGetFullPathName_UEx [0x76FA8FBD+1165]
	(No symbol) [0x00000000]
&#13;
	at java.base/jdk.internal.reflect.NativeConstructorAccessorImpl.newInstance0(Native Method)&#13;
	at java.base/jdk.internal.reflect.NativeConstructorAccessorImpl.newInstance(NativeConstructorAccessorImpl.java:77)&#13;
	at java.base/jdk.internal.reflect.DelegatingConstructorAccessorImpl.newInstance(DelegatingConstructorAccessorImpl.java:45)&#13;
	at java.base/java.lang.reflect.Constructor.newInstanceWithCaller(Constructor.java:499)&#13;
	at java.base/java.lang.reflect.Constructor.newInstance(Constructor.java:480)&#13;
	at org.openqa.selenium.remote.W3CHandshakeResponse.lambda$errorHandler$0(W3CHandshakeResponse.java:62)&#13;
	at org.openqa.selenium.remote.HandshakeResponse.lambda$getResponseFunction$0(HandshakeResponse.java:30)&#13;
	at org.openqa.selenium.remote.ProtocolHandshake.lambda$createSession$0(ProtocolHandshake.java:126)&#13;
	at java.base/java.util.stream.ReferencePipeline$3$1.accept(ReferencePipeline.java:197)&#13;
	at java.base/java.util.Spliterators$ArraySpliterator.tryAdvance(Spliterators.java:1002)&#13;
	at java.base/java.util.stream.ReferencePipeline.forEachWithCancel(ReferencePipeline.java:129)&#13;
	at java.base/java.util.stream.AbstractPipeline.copyIntoWithCancel(AbstractPipeline.java:527)&#13;
	at java.base/java.util.stream.AbstractPipeline.copyInto(AbstractPipeline.java:513)&#13;
	at java.base/java.util.stream.AbstractPipeline.wrapAndCopyInto(AbstractPipeline.java:499)&#13;
	at java.base/java.util.stream.FindOps$FindOp.evaluateSequential(FindOps.java:150)&#13;
	at java.base/java.util.stream.AbstractPipeline.evaluate(AbstractPipeline.java:234)&#13;
	at java.base/java.util.stream.ReferencePipeline.findFirst(ReferencePipeline.java:647)&#13;
	at org.openqa.selenium.remote.ProtocolHandshake.createSession(ProtocolHandshake.java:128)&#13;
	at org.openqa.selenium.remote.ProtocolHandshake.createSession(ProtocolHandshake.java:74)&#13;
	at org.openqa.selenium.remote.HttpCommandExecutor.execute(HttpCommandExecutor.java:136)&#13;
	at org.openqa.selenium.remote.service.DriverCommandExecutor.execute(DriverCommandExecutor.java:83)&#13;
	at org.openqa.selenium.remote.RemoteWebDriver.execute(RemoteWebDriver.java:552)&#13;
	at org.openqa.selenium.remote.RemoteWebDriver.startSession(RemoteWebDriver.java:213)&#13;
	at org.openqa.selenium.remote.RemoteWebDriver.&lt;init&gt;(RemoteWebDriver.java:131)&#13;
	at org.openqa.selenium.chrome.ChromeDriver.&lt;init&gt;(ChromeDriver.java:181)&#13;
	at org.openqa.selenium.chrome.ChromeDriver.&lt;init&gt;(ChromeDriver.java:168)&#13;
	at org.openqa.selenium.chrome.ChromeDriver.&lt;init&gt;(ChromeDriver.java:123)&#13;
	at com.flipkart.stepdefinitions.TVPurchaseSteps.user_launch_Flipkart_application(TVPurchaseSteps.java:25)&#13;
	at ✽.User launch Flipkart application(src/test/resources/Features/CucumberFrame1.feature:7)&#13;
&#13;
</error>
      </testcase>
      <testcase name="EMPTY_NAME" classname="TV Purchase" time="1.715">
        <error>org.openqa.selenium.SessionNotCreatedException: session not created: This version of ChromeDriver only supports Chrome version 101
Current browser version is 103.0.5060.53 with binary path C:\Program Files\Google\Chrome\Application\chrome.exe
Build info: version: '3.141.59', revision: 'e82be7d358', time: '2018-11-14T08:17:03'
System info: host: 'LAPTOP-9RN6IOSL', ip: '192.168.0.105', os.name: 'Windows 11', os.arch: 'amd64', os.version: '10.0', java.version: '17.0.3'
Driver info: driver.version: ChromeDriver
remote stacktrace: Backtrace:
	Ordinal0 [0x002DB8F3+2406643]
	Ordinal0 [0x0026AF31+1945393]
	Ordinal0 [0x0015C748+837448]
	Ordinal0 [0x0017C8B3+968883]
	Ordinal0 [0x001784BA+951482]
	Ordinal0 [0x00175D71+941425]
	Ordinal0 [0x001A8EE0+1150688]
	Ordinal0 [0x001A8B3A+1149754]
	Ordinal0 [0x001A4096+1130646]
	Ordinal0 [0x0017E636+976438]
	Ordinal0 [0x0017F546+980294]
	GetHandleVerifier [0x00549612+2498066]
	GetHandleVerifier [0x0053C920+2445600]
	GetHandleVerifier [0x00374F2A+579370]
	GetHandleVerifier [0x00373D36+574774]
	Ordinal0 [0x00271C0B+1973259]
	Ordinal0 [0x00276688+1992328]
	Ordinal0 [0x00276775+1992565]
	Ordinal0 [0x0027F8D1+2029777]
	BaseThreadInitThunk [0x74DE6739+25]
	RtlGetFullPathName_UEx [0x76FA8FEF+1215]
	RtlGetFullPathName_UEx [0x76FA8FBD+1165]
	(No symbol) [0x00000000]
&#13;
	at java.base/jdk.internal.reflect.NativeConstructorAccessorImpl.newInstance0(Native Method)&#13;
	at java.base/jdk.internal.reflect.NativeConstructorAccessorImpl.newInstance(NativeConstructorAccessorImpl.java:77)&#13;
	at java.base/jdk.internal.reflect.DelegatingConstructorAccessorImpl.newInstance(DelegatingConstructorAccessorImpl.java:45)&#13;
	at java.base/java.lang.reflect.Constructor.newInstanceWithCaller(Constructor.java:499)&#13;
	at java.base/java.lang.reflect.Constructor.newInstance(Constructor.java:480)&#13;
	at org.openqa.selenium.remote.W3CHandshakeResponse.lambda$errorHandler$0(W3CHandshakeResponse.java:62)&#13;
	at org.openqa.selenium.remote.HandshakeResponse.lambda$getResponseFunction$0(HandshakeResponse.java:30)&#13;
	at org.openqa.selenium.remote.ProtocolHandshake.lambda$createSession$0(ProtocolHandshake.java:126)&#13;
	at java.base/java.util.stream.ReferencePipeline$3$1.accept(ReferencePipeline.java:197)&#13;
	at java.base/java.util.Spliterators$ArraySpliterator.tryAdvance(Spliterators.java:1002)&#13;
	at java.base/java.util.stream.ReferencePipeline.forEachWithCancel(ReferencePipeline.java:129)&#13;
	at java.base/java.util.stream.AbstractPipeline.copyIntoWithCancel(AbstractPipeline.java:527)&#13;
	at java.base/java.util.stream.AbstractPipeline.copyInto(AbstractPipeline.java:513)&#13;
	at java.base/java.util.stream.AbstractPipeline.wrapAndCopyInto(AbstractPipeline.java:499)&#13;
	at java.base/java.util.stream.FindOps$FindOp.evaluateSequential(FindOps.java:150)&#13;
	at java.base/java.util.stream.AbstractPipeline.evaluate(AbstractPipeline.java:234)&#13;
	at java.base/java.util.stream.ReferencePipeline.findFirst(ReferencePipeline.java:647)&#13;
	at org.openqa.selenium.remote.ProtocolHandshake.createSession(ProtocolHandshake.java:128)&#13;
	at org.openqa.selenium.remote.ProtocolHandshake.createSession(ProtocolHandshake.java:74)&#13;
	at org.openqa.selenium.remote.HttpCommandExecutor.execute(HttpCommandExecutor.java:136)&#13;
	at org.openqa.selenium.remote.service.DriverCommandExecutor.execute(DriverCommandExecutor.java:83)&#13;
	at org.openqa.selenium.remote.RemoteWebDriver.execute(RemoteWebDriver.java:552)&#13;
	at org.openqa.selenium.remote.RemoteWebDriver.startSession(RemoteWebDriver.java:213)&#13;
	at org.openqa.selenium.remote.RemoteWebDriver.&lt;init&gt;(RemoteWebDriver.java:131)&#13;
	at org.openqa.selenium.chrome.ChromeDriver.&lt;init&gt;(ChromeDriver.java:181)&#13;
	at org.openqa.selenium.chrome.ChromeDriver.&lt;init&gt;(ChromeDriver.java:168)&#13;
	at org.openqa.selenium.chrome.ChromeDriver.&lt;init&gt;(ChromeDriver.java:123)&#13;
	at com.flipkart.stepdefinitions.TVPurchaseSteps.user_launch_Flipkart_application(TVPurchaseSteps.java:25)&#13;
	at ✽.User launch Flipkart application(src/test/resources/Features/CucumberFrame1.feature:7)&#13;
&#13;
</error>
      </testcase>
      <testcase name="EMPTY_NAME" classname="TV Purchase" time="2.007">
        <error>org.openqa.selenium.SessionNotCreatedException: session not created: This version of ChromeDriver only supports Chrome version 101
Current browser version is 103.0.5060.53 with binary path C:\Program Files\Google\Chrome\Application\chrome.exe
Build info: version: '3.141.59', revision: 'e82be7d358', time: '2018-11-14T08:17:03'
System info: host: 'LAPTOP-9RN6IOSL', ip: '192.168.0.105', os.name: 'Windows 11', os.arch: 'amd64', os.version: '10.0', java.version: '17.0.3'
Driver info: driver.version: ChromeDriver
remote stacktrace: Backtrace:
	Ordinal0 [0x002DB8F3+2406643]
	Ordinal0 [0x0026AF31+1945393]
	Ordinal0 [0x0015C748+837448]
	Ordinal0 [0x0017C8B3+968883]
	Ordinal0 [0x001784BA+951482]
	Ordinal0 [0x00175D71+941425]
	Ordinal0 [0x001A8EE0+1150688]
	Ordinal0 [0x001A8B3A+1149754]
	Ordinal0 [0x001A4096+1130646]
	Ordinal0 [0x0017E636+976438]
	Ordinal0 [0x0017F546+980294]
	GetHandleVerifier [0x00549612+2498066]
	GetHandleVerifier [0x0053C920+2445600]
	GetHandleVerifier [0x00374F2A+579370]
	GetHandleVerifier [0x00373D36+574774]
	Ordinal0 [0x00271C0B+1973259]
	Ordinal0 [0x00276688+1992328]
	Ordinal0 [0x00276775+1992565]
	Ordinal0 [0x0027F8D1+2029777]
	BaseThreadInitThunk [0x74DE6739+25]
	RtlGetFullPathName_UEx [0x76FA8FEF+1215]
	RtlGetFullPathName_UEx [0x76FA8FBD+1165]
	(No symbol) [0x00000000]
&#13;
	at java.base/jdk.internal.reflect.NativeConstructorAccessorImpl.newInstance0(Native Method)&#13;
	at java.base/jdk.internal.reflect.NativeConstructorAccessorImpl.newInstance(NativeConstructorAccessorImpl.java:77)&#13;
	at java.base/jdk.internal.reflect.DelegatingConstructorAccessorImpl.newInstance(DelegatingConstructorAccessorImpl.java:45)&#13;
	at java.base/java.lang.reflect.Constructor.newInstanceWithCaller(Constructor.java:499)&#13;
	at java.base/java.lang.reflect.Constructor.newInstance(Constructor.java:480)&#13;
	at org.openqa.selenium.remote.W3CHandshakeResponse.lambda$errorHandler$0(W3CHandshakeResponse.java:62)&#13;
	at org.openqa.selenium.remote.HandshakeResponse.lambda$getResponseFunction$0(HandshakeResponse.java:30)&#13;
	at org.openqa.selenium.remote.ProtocolHandshake.lambda$createSession$0(ProtocolHandshake.java:126)&#13;
	at java.base/java.util.stream.ReferencePipeline$3$1.accept(ReferencePipeline.java:197)&#13;
	at java.base/java.util.Spliterators$ArraySpliterator.tryAdvance(Spliterators.java:1002)&#13;
	at java.base/java.util.stream.ReferencePipeline.forEachWithCancel(ReferencePipeline.java:129)&#13;
	at java.base/java.util.stream.AbstractPipeline.copyIntoWithCancel(AbstractPipeline.java:527)&#13;
	at java.base/java.util.stream.AbstractPipeline.copyInto(AbstractPipeline.java:513)&#13;
	at java.base/java.util.stream.AbstractPipeline.wrapAndCopyInto(AbstractPipeline.java:499)&#13;
	at java.base/java.util.stream.FindOps$FindOp.evaluateSequential(FindOps.java:150)&#13;
	at java.base/java.util.stream.AbstractPipeline.evaluate(AbstractPipeline.java:234)&#13;
	at java.base/java.util.stream.ReferencePipeline.findFirst(ReferencePipeline.java:647)&#13;
	at org.openqa.selenium.remote.ProtocolHandshake.createSession(ProtocolHandshake.java:128)&#13;
	at org.openqa.selenium.remote.ProtocolHandshake.createSession(ProtocolHandshake.java:74)&#13;
	at org.openqa.selenium.remote.HttpCommandExecutor.execute(HttpCommandExecutor.java:136)&#13;
	at org.openqa.selenium.remote.service.DriverCommandExecutor.execute(DriverCommandExecutor.java:83)&#13;
	at org.openqa.selenium.remote.RemoteWebDriver.execute(RemoteWebDriver.java:552)&#13;
	at org.openqa.selenium.remote.RemoteWebDriver.startSession(RemoteWebDriver.java:213)&#13;
	at org.openqa.selenium.remote.RemoteWebDriver.&lt;init&gt;(RemoteWebDriver.java:131)&#13;
	at org.openqa.selenium.chrome.ChromeDriver.&lt;init&gt;(ChromeDriver.java:181)&#13;
	at org.openqa.selenium.chrome.ChromeDriver.&lt;init&gt;(ChromeDriver.java:168)&#13;
	at org.openqa.selenium.chrome.ChromeDriver.&lt;init&gt;(ChromeDriver.java:123)&#13;
	at com.flipkart.stepdefinitions.TVPurchaseSteps.user_launch_Flipkart_application(TVPurchaseSteps.java:25)&#13;
	at ✽.User launch Flipkart application(src/test/resources/Features/CucumberFrame1.feature:7)&#13;
&#13;
</error>
      </testcase>
      <testcase name="EMPTY_NAME" classname="TV Purchase" time="2.192">
        <error>org.openqa.selenium.SessionNotCreatedException: session not created: This version of ChromeDriver only supports Chrome version 101
Current browser version is 103.0.5060.53 with binary path C:\Program Files\Google\Chrome\Application\chrome.exe
Build info: version: '3.141.59', revision: 'e82be7d358', time: '2018-11-14T08:17:03'
System info: host: 'LAPTOP-9RN6IOSL', ip: '192.168.0.105', os.name: 'Windows 11', os.arch: 'amd64', os.version: '10.0', java.version: '17.0.3'
Driver info: driver.version: ChromeDriver
remote stacktrace: Backtrace:
	Ordinal0 [0x002DB8F3+2406643]
	Ordinal0 [0x0026AF31+1945393]
	Ordinal0 [0x0015C748+837448]
	Ordinal0 [0x0017C8B3+968883]
	Ordinal0 [0x001784BA+951482]
	Ordinal0 [0x00175D71+941425]
	Ordinal0 [0x001A8EE0+1150688]
	Ordinal0 [0x001A8B3A+1149754]
	Ordinal0 [0x001A4096+1130646]
	Ordinal0 [0x0017E636+976438]
	Ordinal0 [0x0017F546+980294]
	GetHandleVerifier [0x00549612+2498066]
	GetHandleVerifier [0x0053C920+2445600]
	GetHandleVerifier [0x00374F2A+579370]
	GetHandleVerifier [0x00373D36+574774]
	Ordinal0 [0x00271C0B+1973259]
	Ordinal0 [0x00276688+1992328]
	Ordinal0 [0x00276775+1992565]
	Ordinal0 [0x0027F8D1+2029777]
	BaseThreadInitThunk [0x74DE6739+25]
	RtlGetFullPathName_UEx [0x76FA8FEF+1215]
	RtlGetFullPathName_UEx [0x76FA8FBD+1165]
	(No symbol) [0x00000000]
&#13;
	at java.base/jdk.internal.reflect.NativeConstructorAccessorImpl.newInstance0(Native Method)&#13;
	at java.base/jdk.internal.reflect.NativeConstructorAccessorImpl.newInstance(NativeConstructorAccessorImpl.java:77)&#13;
	at java.base/jdk.internal.reflect.DelegatingConstructorAccessorImpl.newInstance(DelegatingConstructorAccessorImpl.java:45)&#13;
	at java.base/java.lang.reflect.Constructor.newInstanceWithCaller(Constructor.java:499)&#13;
	at java.base/java.lang.reflect.Constructor.newInstance(Constructor.java:480)&#13;
	at org.openqa.selenium.remote.W3CHandshakeResponse.lambda$errorHandler$0(W3CHandshakeResponse.java:62)&#13;
	at org.openqa.selenium.remote.HandshakeResponse.lambda$getResponseFunction$0(HandshakeResponse.java:30)&#13;
	at org.openqa.selenium.remote.ProtocolHandshake.lambda$createSession$0(ProtocolHandshake.java:126)&#13;
	at java.base/java.util.stream.ReferencePipeline$3$1.accept(ReferencePipeline.java:197)&#13;
	at java.base/java.util.Spliterators$ArraySpliterator.tryAdvance(Spliterators.java:1002)&#13;
	at java.base/java.util.stream.ReferencePipeline.forEachWithCancel(ReferencePipeline.java:129)&#13;
	at java.base/java.util.stream.AbstractPipeline.copyIntoWithCancel(AbstractPipeline.java:527)&#13;
	at java.base/java.util.stream.AbstractPipeline.copyInto(AbstractPipeline.java:513)&#13;
	at java.base/java.util.stream.AbstractPipeline.wrapAndCopyInto(AbstractPipeline.java:499)&#13;
	at java.base/java.util.stream.FindOps$FindOp.evaluateSequential(FindOps.java:150)&#13;
	at java.base/java.util.stream.AbstractPipeline.evaluate(AbstractPipeline.java:234)&#13;
	at java.base/java.util.stream.ReferencePipeline.findFirst(ReferencePipeline.java:647)&#13;
	at org.openqa.selenium.remote.ProtocolHandshake.createSession(ProtocolHandshake.java:128)&#13;
	at org.openqa.selenium.remote.ProtocolHandshake.createSession(ProtocolHandshake.java:74)&#13;
	at org.openqa.selenium.remote.HttpCommandExecutor.execute(HttpCommandExecutor.java:136)&#13;
	at org.openqa.selenium.remote.service.DriverCommandExecutor.execute(DriverCommandExecutor.java:83)&#13;
	at org.openqa.selenium.remote.RemoteWebDriver.execute(RemoteWebDriver.java:552)&#13;
	at org.openqa.selenium.remote.RemoteWebDriver.startSession(RemoteWebDriver.java:213)&#13;
	at org.openqa.selenium.remote.RemoteWebDriver.&lt;init&gt;(RemoteWebDriver.java:131)&#13;
	at org.openqa.selenium.chrome.ChromeDriver.&lt;init&gt;(ChromeDriver.java:181)&#13;
	at org.openqa.selenium.chrome.ChromeDriver.&lt;init&gt;(ChromeDriver.java:168)&#13;
	at org.openqa.selenium.chrome.ChromeDriver.&lt;init&gt;(ChromeDriver.java:123)&#13;
	at com.flipkart.stepdefinitions.TVPurchaseSteps.user_launch_Flipkart_application(TVPurchaseSteps.java:25)&#13;
	at ✽.User launch Flipkart application(src/test/resources/Features/CucumberFrame1.feature:7)&#13;
&#13;
</error>
      </testcase>
    </testsuite>
    <testsuite name="Feature: Mobile Purchase" time="2.153">
      <testcase name="mobile" classname="Mobile Purchase" time="2.153">
        <error>org.openqa.selenium.SessionNotCreatedException: session not created: This version of ChromeDriver only supports Chrome version 101
Current browser version is 103.0.5060.53 with binary path C:\Program Files\Google\Chrome\Application\chrome.exe
Build info: version: '3.141.59', revision: 'e82be7d358', time: '2018-11-14T08:17:03'
System info: host: 'LAPTOP-9RN6IOSL', ip: '192.168.0.105', os.name: 'Windows 11', os.arch: 'amd64', os.version: '10.0', java.version: '17.0.3'
Driver info: driver.version: ChromeDriver
remote stacktrace: Backtrace:
	Ordinal0 [0x002DB8F3+2406643]
	Ordinal0 [0x0026AF31+1945393]
	Ordinal0 [0x0015C748+837448]
	Ordinal0 [0x0017C8B3+968883]
	Ordinal0 [0x001784BA+951482]
	Ordinal0 [0x00175D71+941425]
	Ordinal0 [0x001A8EE0+1150688]
	Ordinal0 [0x001A8B3A+1149754]
	Ordinal0 [0x001A4096+1130646]
	Ordinal0 [0x0017E636+976438]
	Ordinal0 [0x0017F546+980294]
	GetHandleVerifier [0x00549612+2498066]
	GetHandleVerifier [0x0053C920+2445600]
	GetHandleVerifier [0x00374F2A+579370]
	GetHandleVerifier [0x00373D36+574774]
	Ordinal0 [0x00271C0B+1973259]
	Ordinal0 [0x00276688+1992328]
	Ordinal0 [0x00276775+1992565]
	Ordinal0 [0x0027F8D1+2029777]
	BaseThreadInitThunk [0x74DE6739+25]
	RtlGetFullPathName_UEx [0x76FA8FEF+1215]
	RtlGetFullPathName_UEx [0x76FA8FBD+1165]
	(No symbol) [0x00000000]
&#13;
	at java.base/jdk.internal.reflect.NativeConstructorAccessorImpl.newInstance0(Native Method)&#13;
	at java.base/jdk.internal.reflect.NativeConstructorAccessorImpl.newInstance(NativeConstructorAccessorImpl.java:77)&#13;
	at java.base/jdk.internal.reflect.DelegatingConstructorAccessorImpl.newInstance(DelegatingConstructorAccessorImpl.java:45)&#13;
	at java.base/java.lang.reflect.Constructor.newInstanceWithCaller(Constructor.java:499)&#13;
	at java.base/java.lang.reflect.Constructor.newInstance(Constructor.java:480)&#13;
	at org.openqa.selenium.remote.W3CHandshakeResponse.lambda$errorHandler$0(W3CHandshakeResponse.java:62)&#13;
	at org.openqa.selenium.remote.HandshakeResponse.lambda$getResponseFunction$0(HandshakeResponse.java:30)&#13;
	at org.openqa.selenium.remote.ProtocolHandshake.lambda$createSession$0(ProtocolHandshake.java:126)&#13;
	at java.base/java.util.stream.ReferencePipeline$3$1.accept(ReferencePipeline.java:197)&#13;
	at java.base/java.util.Spliterators$ArraySpliterator.tryAdvance(Spliterators.java:1002)&#13;
	at java.base/java.util.stream.ReferencePipeline.forEachWithCancel(ReferencePipeline.java:129)&#13;
	at java.base/java.util.stream.AbstractPipeline.copyIntoWithCancel(AbstractPipeline.java:527)&#13;
	at java.base/java.util.stream.AbstractPipeline.copyInto(AbstractPipeline.java:513)&#13;
	at java.base/java.util.stream.AbstractPipeline.wrapAndCopyInto(AbstractPipeline.java:499)&#13;
	at java.base/java.util.stream.FindOps$FindOp.evaluateSequential(FindOps.java:150)&#13;
	at java.base/java.util.stream.AbstractPipeline.evaluate(AbstractPipeline.java:234)&#13;
	at java.base/java.util.stream.ReferencePipeline.findFirst(ReferencePipeline.java:647)&#13;
	at org.openqa.selenium.remote.ProtocolHandshake.createSession(ProtocolHandshake.java:128)&#13;
	at org.openqa.selenium.remote.ProtocolHandshake.createSession(ProtocolHandshake.java:74)&#13;
	at org.openqa.selenium.remote.HttpCommandExecutor.execute(HttpCommandExecutor.java:136)&#13;
	at org.openqa.selenium.remote.service.DriverCommandExecutor.execute(DriverCommandExecutor.java:83)&#13;
	at org.openqa.selenium.remote.RemoteWebDriver.execute(RemoteWebDriver.java:552)&#13;
	at org.openqa.selenium.remote.RemoteWebDriver.startSession(RemoteWebDriver.java:213)&#13;
	at org.openqa.selenium.remote.RemoteWebDriver.&lt;init&gt;(RemoteWebDriver.java:131)&#13;
	at org.openqa.selenium.chrome.ChromeDriver.&lt;init&gt;(ChromeDriver.java:181)&#13;
	at org.openqa.selenium.chrome.ChromeDriver.&lt;init&gt;(ChromeDriver.java:168)&#13;
	at org.openqa.selenium.chrome.ChromeDriver.&lt;init&gt;(ChromeDriver.java:123)&#13;
	at com.flipkart.stepdefinitions.TVPurchaseSteps.user_launch_Flipkart_application(TVPurchaseSteps.java:25)&#13;
	at ✽.User launch Flipkart application(src/test/resources/Features/CucumberFrameMobile.feature:8)&#13;
&#13;
</error>
      </testcase>
    </testsuite>
  </testsuite>
</testrun>
